<?xml version="1.0" encoding="UTF-8"?>
<!-- Generated by org.testng.reporters.JUnitXMLReporter -->
<testsuite hostname="DESKTOP-RI9OTG3" ignored="0" name="Tea_Valley" tests="1" failures="0" timestamp="2020-06-06T14:38:14 IST" time="221.504" errors="0">
  <testcase name="@BeforeTest setupDriver" time="220.381" classname="suite.dScraper">
    <failure type="org.openqa.selenium.WebDriverException" message="unknown error: DevToolsActivePort file doesn&amp;apos;t exist
Build info: version: &amp;apos;3.8.1&amp;apos;, revision: &amp;apos;6e95a6684b&amp;apos;, time: &amp;apos;2017-12-01T19:05:32.194Z&amp;apos;
System info: host: &amp;apos;DESKTOP-RI9OTG3&amp;apos;, ip: &amp;apos;192.168.56.1&amp;apos;, os.name: &amp;apos;Windows 10&amp;apos;, os.arch: &amp;apos;amd64&amp;apos;, os.version: &amp;apos;10.0&amp;apos;, java.version: &amp;apos;1.8.0_241&amp;apos;
Driver info: driver.version: unknown
remote stacktrace: Backtrace:
	Ordinal0 [0x004B9563+2725219]
	Ordinal0 [0x003B8551+1672529]
	Ordinal0 [0x002A0359+525145]
	Ordinal0 [0x002301A9+65961]
	Ordinal0 [0x0022D2A8+53928]
	Ordinal0 [0x0024CC37+183351]
	Ordinal0 [0x0024CA3D+182845]
	Ordinal0 [0x0024A94B+174411]
	Ordinal0 [0x00232528+75048]
	Ordinal0 [0x002335A0+79264]
	Ordinal0 [0x00233539+79161]
	Ordinal0 [0x003CD607+1758727]
	GetHandleVerifier [0x005D6546+1050150]
	GetHandleVerifier [0x005D6291+1049457]
	GetHandleVerifier [0x005E10D7+1094071]
	GetHandleVerifier [0x005D6B46+1051686]
	Ordinal0 [0x003C5B06+1727238]
	Ordinal0 [0x003CEB7B+1764219]
	Ordinal0 [0x003CECE3+1764579]
	Ordinal0 [0x003E4C05+1854469]
	BaseThreadInitThunk [0x75436359+25]
	RtlGetAppContainerNamedObjectPath [0x77267C24+228]
	RtlGetAppContainerNamedObjectPath [0x77267BF4+180]

Command duration or timeout: 210.37 seconds">
      <![CDATA[org.openqa.selenium.WebDriverException: unknown error: DevToolsActivePort file doesn't exist
Build info: version: '3.8.1', revision: '6e95a6684b', time: '2017-12-01T19:05:32.194Z'
System info: host: 'DESKTOP-RI9OTG3', ip: '192.168.56.1', os.name: 'Windows 10', os.arch: 'amd64', os.version: '10.0', java.version: '1.8.0_241'
Driver info: driver.version: unknown
remote stacktrace: Backtrace:
Ordinal0 [0x004B9563+2725219]
Ordinal0 [0x003B8551+1672529]
Ordinal0 [0x002A0359+525145]
Ordinal0 [0x002301A9+65961]
Ordinal0 [0x0022D2A8+53928]
Ordinal0 [0x0024CC37+183351]
Ordinal0 [0x0024CA3D+182845]
Ordinal0 [0x0024A94B+174411]
Ordinal0 [0x00232528+75048]
Ordinal0 [0x002335A0+79264]
Ordinal0 [0x00233539+79161]
Ordinal0 [0x003CD607+1758727]
GetHandleVerifier [0x005D6546+1050150]
GetHandleVerifier [0x005D6291+1049457]
GetHandleVerifier [0x005E10D7+1094071]
GetHandleVerifier [0x005D6B46+1051686]
Ordinal0 [0x003C5B06+1727238]
Ordinal0 [0x003CEB7B+1764219]
Ordinal0 [0x003CECE3+1764579]
Ordinal0 [0x003E4C05+1854469]
BaseThreadInitThunk [0x75436359+25]
RtlGetAppContainerNamedObjectPath [0x77267C24+228]
RtlGetAppContainerNamedObjectPath [0x77267BF4+180]

Command duration or timeout: 210.37 seconds
at org.openqa.selenium.remote.ErrorHandler.createThrowable(ErrorHandler.java:214)
at org.openqa.selenium.remote.ErrorHandler.throwIfResponseFailed(ErrorHandler.java:166)
at org.openqa.selenium.remote.JsonWireProtocolResponse.lambda$new$0(JsonWireProtocolResponse.java:53)
at org.openqa.selenium.remote.JsonWireProtocolResponse.lambda$getResponseFunction$2(JsonWireProtocolResponse.java:91)
at org.openqa.selenium.remote.ProtocolHandshake.lambda$createSession$0(ProtocolHandshake.java:123)
at java.util.stream.ReferencePipeline$3$1.accept(Unknown Source)
at java.util.Spliterators$ArraySpliterator.tryAdvance(Unknown Source)
at java.util.stream.ReferencePipeline.forEachWithCancel(Unknown Source)
at java.util.stream.AbstractPipeline.copyIntoWithCancel(Unknown Source)
at java.util.stream.AbstractPipeline.copyInto(Unknown Source)
at java.util.stream.AbstractPipeline.wrapAndCopyInto(Unknown Source)
at java.util.stream.FindOps$FindOp.evaluateSequential(Unknown Source)
at java.util.stream.AbstractPipeline.evaluate(Unknown Source)
at java.util.stream.ReferencePipeline.findFirst(Unknown Source)
at org.openqa.selenium.remote.ProtocolHandshake.createSession(ProtocolHandshake.java:126)
at org.openqa.selenium.remote.ProtocolHandshake.createSession(ProtocolHandshake.java:73)
at org.openqa.selenium.remote.HttpCommandExecutor.execute(HttpCommandExecutor.java:142)
at org.openqa.selenium.remote.RemoteWebDriver.execute(RemoteWebDriver.java:601)
at org.openqa.selenium.remote.RemoteWebDriver.startSession(RemoteWebDriver.java:219)
at org.openqa.selenium.remote.RemoteWebDriver.<init>(RemoteWebDriver.java:142)
at org.openqa.selenium.remote.RemoteWebDriver.<init>(RemoteWebDriver.java:155)
at suite.dScraper.setupDriver(dScraper.java:48)
at java.util.concurrent.ThreadPoolExecutor.runWorker(Unknown Source)
at java.util.concurrent.ThreadPoolExecutor$Worker.run(Unknown Source)
at java.lang.Thread.run(Unknown Source)
Caused by: org.openqa.selenium.WebDriverException: unknown error: DevToolsActivePort file doesn't exist
Build info: version: '3.8.1', revision: '6e95a6684b', time: '2017-12-01T19:05:32.194Z'
System info: host: 'DESKTOP-RI9OTG3', ip: '192.168.56.1', os.name: 'Windows 10', os.arch: 'amd64', os.version: '10.0', java.version: '1.8.0_241'
Driver info: driver.version: unknown
remote stacktrace: Backtrace:
Ordinal0 [0x004B9563+2725219]
Ordinal0 [0x003B8551+1672529]
Ordinal0 [0x002A0359+525145]
Ordinal0 [0x002301A9+65961]
Ordinal0 [0x0022D2A8+53928]
Ordinal0 [0x0024CC37+183351]
Ordinal0 [0x0024CA3D+182845]
Ordinal0 [0x0024A94B+174411]
Ordinal0 [0x00232528+75048]
Ordinal0 [0x002335A0+79264]
Ordinal0 [0x00233539+79161]
Ordinal0 [0x003CD607+1758727]
GetHandleVerifier [0x005D6546+1050150]
GetHandleVerifier [0x005D6291+1049457]
GetHandleVerifier [0x005E10D7+1094071]
GetHandleVerifier [0x005D6B46+1051686]
Ordinal0 [0x003C5B06+1727238]
Ordinal0 [0x003CEB7B+1764219]
Ordinal0 [0x003CECE3+1764579]
Ordinal0 [0x003E4C05+1854469]
BaseThreadInitThunk [0x75436359+25]
RtlGetAppContainerNamedObjectPath [0x77267C24+228]
RtlGetAppContainerNamedObjectPath [0x77267BF4+180]

Build info: version: '3.8.1', revision: '6e95a6684b', time: '2017-12-01T19:05:32.194Z'
System info: host: 'DESKTOP-RI9OTG3', ip: '192.168.56.1', os.name: 'Windows 10', os.arch: 'amd64', os.version: '10.0', java.version: '1.8.0_241'
Driver info: driver.version: unknown
at org.openqa.selenium.remote.W3CHandshakeResponse.lambda$new$0(W3CHandshakeResponse.java:57)
at org.openqa.selenium.remote.W3CHandshakeResponse.lambda$getResponseFunction$2(W3CHandshakeResponse.java:104)
at org.openqa.selenium.remote.ProtocolHandshake.lambda$createSession$0(ProtocolHandshake.java:123)
at java.util.stream.ReferencePipeline$3$1.accept(Unknown Source)
at java.util.Spliterators$ArraySpliterator.tryAdvance(Unknown Source)
at java.util.stream.ReferencePipeline.forEachWithCancel(Unknown Source)
at java.util.stream.AbstractPipeline.copyIntoWithCancel(Unknown Source)
at java.util.stream.AbstractPipeline.copyInto(Unknown Source)
at java.util.stream.AbstractPipeline.wrapAndCopyInto(Unknown Source)
at java.util.stream.FindOps$FindOp.evaluateSequential(Unknown Source)
at java.util.stream.AbstractPipeline.evaluate(Unknown Source)
at java.util.stream.ReferencePipeline.findFirst(Unknown Source)
at org.openqa.selenium.remote.ProtocolHandshake.createSession(ProtocolHandshake.java:126)
at org.openqa.selenium.remote.ProtocolHandshake.createSession(ProtocolHandshake.java:73)
at org.openqa.selenium.remote.server.ServicedSession$Factory.apply(ServicedSession.java:232)
at org.openqa.selenium.remote.server.ActiveSessionFactory.lambda$apply$11(ActiveSessionFactory.java:167)
at java.util.stream.ReferencePipeline$3$1.accept(Unknown Source)
at java.util.stream.ReferencePipeline$3$1.accept(Unknown Source)
at java.util.stream.ReferencePipeline$11$1.accept(Unknown Source)
at java.util.stream.ReferencePipeline$2$1.accept(Unknown Source)
at java.util.Spliterators$ArraySpliterator.tryAdvance(Unknown Source)
at java.util.stream.ReferencePipeline.forEachWithCancel(Unknown Source)
at java.util.stream.AbstractPipeline.copyIntoWithCancel(Unknown Source)
at java.util.stream.AbstractPipeline.copyInto(Unknown Source)
at java.util.stream.AbstractPipeline.wrapAndCopyInto(Unknown Source)
at java.util.stream.FindOps$FindOp.evaluateSequential(Unknown Source)
at java.util.stream.AbstractPipeline.evaluate(Unknown Source)
at java.util.stream.ReferencePipeline.findFirst(Unknown Source)
at org.openqa.selenium.remote.server.ActiveSessionFactory.apply(ActiveSessionFactory.java:170)
at org.openqa.selenium.remote.server.NewSessionPipeline.lambda$null$1(NewSessionPipeline.java:44)
at java.util.stream.ReferencePipeline$3$1.accept(Unknown Source)
at java.util.Collections$2.tryAdvance(Unknown Source)
at java.util.stream.ReferencePipeline.forEachWithCancel(Unknown Source)
at java.util.stream.AbstractPipeline.copyIntoWithCancel(Unknown Source)
at java.util.stream.AbstractPipeline.copyInto(Unknown Source)
at java.util.stream.AbstractPipeline.wrapAndCopyInto(Unknown Source)
at java.util.stream.FindOps$FindOp.evaluateSequential(Unknown Source)
at java.util.stream.AbstractPipeline.evaluate(Unknown Source)
at java.util.stream.ReferencePipeline.findFirst(Unknown Source)
at org.openqa.selenium.remote.server.NewSessionPipeline.lambda$createNewSession$2(NewSessionPipeline.java:47)
at java.util.stream.ReferencePipeline$3$1.accept(Unknown Source)
at java.util.stream.ReferencePipeline$3$1.accept(Unknown Source)
at java.util.stream.ReferencePipeline$3$1.accept(Unknown Source)
at java.util.stream.DistinctOps$1$2.accept(Unknown Source)
at java.util.stream.ReferencePipeline$2$1.accept(Unknown Source)
at java.util.stream.ReferencePipeline$3$1.accept(Unknown Source)
at java.util.stream.ReferencePipeline$2$1.accept(Unknown Source)
at java.util.stream.Streams$StreamBuilderImpl.tryAdvance(Unknown Source)
at java.util.stream.Streams$ConcatSpliterator.tryAdvance(Unknown Source)
at java.util.stream.ReferencePipeline.forEachWithCancel(Unknown Source)
at java.util.stream.AbstractPipeline.copyIntoWithCancel(Unknown Source)
at java.util.stream.AbstractPipeline.copyInto(Unknown Source)
at java.util.stream.AbstractPipeline.wrapAndCopyInto(Unknown Source)
at java.util.stream.FindOps$FindOp.evaluateSequential(Unknown Source)
at java.util.stream.AbstractPipeline.evaluate(Unknown Source)
at java.util.stream.ReferencePipeline.findFirst(Unknown Source)
at org.openqa.selenium.remote.server.NewSessionPipeline.createNewSession(NewSessionPipeline.java:50)
at org.openqa.selenium.remote.server.commandhandler.BeginSession.execute(BeginSession.java:77)
at org.openqa.selenium.remote.server.WebDriverServlet.lambda$handle$0(WebDriverServlet.java:240)
at java.util.concurrent.Executors$RunnableAdapter.call(Unknown Source)
at java.util.concurrent.FutureTask.run(Unknown Source)
... 3 more
... Removed 25 stack frames]]>
    </failure>
  </testcase> <!-- @BeforeTest setupDriver -->
  <testcase name="@AfterTest afterTest" time="-1.591434494537E9" classname="suite.dScraper">
    <skipped/>
  </testcase> <!-- @AfterTest afterTest -->
  <testcase name="dataScrapper" time="0.0" classname="suite.dScraper">
    <skipped/>
  </testcase> <!-- dataScrapper -->
</testsuite> <!-- Tea_Valley -->
