<?xml version="1.0" encoding="UTF-8"?>
<testng-results skipped="0" failed="0" ignored="0" total="3" passed="3">
  <reporter-output>
  </reporter-output>
  <suite name="dataScrapper" duration-ms="874979" started-at="2020-06-06T21:51:44 IST" finished-at="2020-06-06T22:06:19 IST">
    <groups>
    </groups>
    <test name="Rivulet_Resort" duration-ms="298313" started-at="2020-06-06T21:51:44 IST" finished-at="2020-06-06T21:56:42 IST">
      <class name="suite.dScraper">
        <test-method status="PASS" signature="setupDriver(java.lang.String, java.lang.String, java.lang.String)[pri:0, instance:suite.dScraper@17211155]" name="setupDriver" is-config="true" duration-ms="33307" started-at="2020-06-06T21:51:44 IST" finished-at="2020-06-06T21:52:17 IST">
          <params>
            <param index="0">
              <value>
                <![CDATA[Rivulet_Resort]]>
              </value>
            </param>
            <param index="1">
              <value>
                <![CDATA[20130819114553793]]>
              </value>
            </param>
            <param index="2">
              <value>
                <![CDATA[Chrome]]>
              </value>
            </param>
          </params>
          <reporter-output>
          </reporter-output>
        </test-method> <!-- setupDriver -->
        <test-method status="PASS" signature="dataScrapper()[pri:0, instance:suite.dScraper@17211155]" name="dataScrapper" duration-ms="262661" started-at="2020-06-06T21:52:19 IST" finished-at="2020-06-06T21:56:41 IST">
          <reporter-output>
          </reporter-output>
        </test-method> <!-- dataScrapper -->
        <test-method status="PASS" signature="afterTest()[pri:0, instance:suite.dScraper@17211155]" name="afterTest" is-config="true" duration-ms="711" started-at="2020-06-06T21:56:42 IST" finished-at="2020-06-06T21:56:42 IST">
          <reporter-output>
          </reporter-output>
        </test-method> <!-- afterTest -->
      </class> <!-- suite.dScraper -->
    </test> <!-- Rivulet_Resort -->
    <test name="KTDC_Tea_County" duration-ms="356663" started-at="2020-06-06T21:56:43 IST" finished-at="2020-06-06T22:02:40 IST">
      <class name="suite.dScraper">
        <test-method status="PASS" signature="setupDriver(java.lang.String, java.lang.String, java.lang.String)[pri:0, instance:suite.dScraper@382db087]" name="setupDriver" is-config="true" duration-ms="21305" started-at="2020-06-06T21:56:43 IST" finished-at="2020-06-06T21:57:05 IST">
          <params>
            <param index="0">
              <value>
                <![CDATA[KTDC_Tea_County]]>
              </value>
            </param>
            <param index="1">
              <value>
                <![CDATA[200706201515497476]]>
              </value>
            </param>
            <param index="2">
              <value>
                <![CDATA[Chrome]]>
              </value>
            </param>
          </params>
          <reporter-output>
          </reporter-output>
        </test-method> <!-- setupDriver -->
        <test-method status="PASS" signature="dataScrapper()[pri:0, instance:suite.dScraper@382db087]" name="dataScrapper" duration-ms="334894" started-at="2020-06-06T21:57:05 IST" finished-at="2020-06-06T22:02:40 IST">
          <reporter-output>
          </reporter-output>
        </test-method> <!-- dataScrapper -->
        <test-method status="PASS" signature="afterTest()[pri:0, instance:suite.dScraper@382db087]" name="afterTest" is-config="true" duration-ms="457" started-at="2020-06-06T22:02:40 IST" finished-at="2020-06-06T22:02:40 IST">
          <reporter-output>
          </reporter-output>
        </test-method> <!-- afterTest -->
      </class> <!-- suite.dScraper -->
    </test> <!-- KTDC_Tea_County -->
    <test name="Munnar_Tea_Country" duration-ms="218695" started-at="2020-06-06T22:02:40 IST" finished-at="2020-06-06T22:06:19 IST">
      <class name="suite.dScraper">
        <test-method status="PASS" signature="setupDriver(java.lang.String, java.lang.String, java.lang.String)[pri:0, instance:suite.dScraper@3d0f8e03]" name="setupDriver" is-config="true" duration-ms="22285" started-at="2020-06-06T22:02:40 IST" finished-at="2020-06-06T22:03:03 IST">
          <params>
            <param index="0">
              <value>
                <![CDATA[Munnar_Tea_Country]]>
              </value>
            </param>
            <param index="1">
              <value>
                <![CDATA[20150109094510946]]>
              </value>
            </param>
            <param index="2">
              <value>
                <![CDATA[Chrome]]>
              </value>
            </param>
          </params>
          <reporter-output>
          </reporter-output>
        </test-method> <!-- setupDriver -->
        <test-method status="PASS" signature="dataScrapper()[pri:0, instance:suite.dScraper@3d0f8e03]" name="dataScrapper" duration-ms="195223" started-at="2020-06-06T22:03:03 IST" finished-at="2020-06-06T22:06:18 IST">
          <reporter-output>
          </reporter-output>
        </test-method> <!-- dataScrapper -->
        <test-method status="PASS" signature="afterTest()[pri:0, instance:suite.dScraper@3d0f8e03]" name="afterTest" is-config="true" duration-ms="1183" started-at="2020-06-06T22:06:18 IST" finished-at="2020-06-06T22:06:19 IST">
          <reporter-output>
          </reporter-output>
        </test-method> <!-- afterTest -->
      </class> <!-- suite.dScraper -->
    </test> <!-- Munnar_Tea_Country -->
  </suite> <!-- dataScrapper -->
</testng-results>
